2026-01-10 13:08:46.241 [main] WARN  org.testng.xml.TestNGContentHandler - It is strongly recommended to add "<!DOCTYPE suite SYSTEM "https://testng.org/testng-1.1.dtd" >" at the top of the suite file [C:\Users\rhafe\IdeaProjects\OrangeHRMProject2\src\test\resources\testng.xml] otherwise TestNG may fail or not work as expected.
2026-01-10 13:08:47.070 [main] INFO  org.testng.internal.Utils - [TestNG] Running:
  C:\Users\rhafe\IdeaProjects\OrangeHRMProject2\src\test\resources\testng.xml

2026-01-10 13:08:47.173 [main] INFO  com.orangehrm.utilities.LoggerManager - Configuration properties loaded successfully from: C:\Users\rhafe\IdeaProjects\OrangeHRMProject2\src\main\resources\config.properties
2026-01-10 13:08:48.102 [main] INFO  com.orangehrm.utilities.LoggerManager - Setting up WebDriver for class: AddEmployeeTest
2026-01-10 13:08:58.446 [main] INFO  com.orangehrm.utilities.LoggerManager - ActionDriver initialized.
2026-01-10 13:08:58.449 [main] INFO  com.orangehrm.utilities.LoggerManager - ActionDriver initialized for Thread ID: 1
2026-01-10 13:09:06.762 [main] INFO  com.orangehrm.utilities.LoggerManager - Entered text: admin
2026-01-10 13:09:07.268 [main] INFO  com.orangehrm.utilities.LoggerManager - Entered text: admin123
2026-01-10 13:09:07.578 [main] INFO  com.orangehrm.utilities.LoggerManager - Clicked on element
2026-01-10 13:09:21.709 [main] INFO  com.orangehrm.utilities.LoggerManager - Clicked on element: [[ChromeDriver: chrome on windows (4260cb4867ae679b05b43218ce432400)] -> xpath: //span[text()='PIM']]
2026-01-10 13:09:27.121 [main] INFO  com.orangehrm.utilities.LoggerManager - Clicked on element: [[ChromeDriver: chrome on windows (4260cb4867ae679b05b43218ce432400)] -> xpath: //a[text()='Add Employee']]
2026-01-10 13:09:28.166 [main] INFO  com.orangehrm.utilities.LoggerManager - Entered text: Ali
2026-01-10 13:09:28.649 [main] INFO  com.orangehrm.utilities.LoggerManager - Entered text: Khan Shoukat
2026-01-10 13:09:29.035 [main] INFO  com.orangehrm.utilities.LoggerManager - Clicked on element: [[ChromeDriver: chrome on windows (4260cb4867ae679b05b43218ce432400)] -> xpath: //button[@type='submit']]
2026-01-10 13:10:10.398 [main] ERROR com.orangehrm.utilities.LoggerManager - Element not visible: Expected condition failed: waiting for visibility of Proxy element for: DefaultElementLocator 'By.xpath: //p[contains(text(), 'Successfully Saved')]' (tried for 30 second(s) with 500 milliseconds interval)
2026-01-10 14:02:37.212 [main] WARN  org.testng.xml.TestNGContentHandler - It is strongly recommended to add "<!DOCTYPE suite SYSTEM "https://testng.org/testng-1.1.dtd" >" at the top of the suite file [C:\Users\rhafe\IdeaProjects\OrangeHRMProject2\src\test\resources\testng.xml] otherwise TestNG may fail or not work as expected.
2026-01-10 14:02:37.975 [main] INFO  org.testng.internal.Utils - [TestNG] Running:
  C:\Users\rhafe\IdeaProjects\OrangeHRMProject2\src\test\resources\testng.xml

2026-01-10 14:02:38.061 [main] INFO  com.orangehrm.utilities.LoggerManager - Configuration properties loaded successfully from: C:\Users\rhafe\IdeaProjects\OrangeHRMProject2\src\main\resources\config.properties
2026-01-10 14:02:38.819 [main] INFO  com.orangehrm.utilities.LoggerManager - Setting up WebDriver for class: AddEmployeeTest
2026-01-10 14:02:56.298 [main] INFO  com.orangehrm.utilities.LoggerManager - ActionDriver initialized.
2026-01-10 14:02:56.299 [main] INFO  com.orangehrm.utilities.LoggerManager - ActionDriver initialized for Thread ID: 1
2026-01-10 14:02:57.026 [main] INFO  com.orangehrm.utilities.LoggerManager - Entered text: admin
2026-01-10 14:02:57.329 [main] INFO  com.orangehrm.utilities.LoggerManager - Entered text: admin123
2026-01-10 14:02:59.610 [main] INFO  com.orangehrm.utilities.LoggerManager - Clicked on element
2026-01-10 14:03:03.142 [main] INFO  com.orangehrm.utilities.LoggerManager - Clicked on element: [[ChromeDriver: chrome on windows (61bf09e6821a0819af5ce8138e67dc3e)] -> xpath: //span[text()='PIM']]
2026-01-10 14:03:05.398 [main] INFO  com.orangehrm.utilities.LoggerManager - Clicked on element: [[ChromeDriver: chrome on windows (61bf09e6821a0819af5ce8138e67dc3e)] -> xpath: //a[text()='Add Employee']]
2026-01-10 14:03:05.399 [main] ERROR com.orangehrm.utilities.LoggerManager - Element not visible: Cannot invoke "org.openqa.selenium.WebElement.isDisplayed()" because "element" is null
2026-01-10 14:03:05.405 [main] ERROR com.orangehrm.utilities.LoggerManager - Unable to enter text: Cannot invoke "org.openqa.selenium.WebElement.clear()" because "element" is null
2026-01-10 14:03:05.405 [main] ERROR com.orangehrm.utilities.LoggerManager - Element not visible: Cannot invoke "org.openqa.selenium.WebElement.isDisplayed()" because "element" is null
2026-01-10 14:03:05.405 [main] ERROR com.orangehrm.utilities.LoggerManager - Unable to enter text: Cannot invoke "org.openqa.selenium.WebElement.clear()" because "element" is null
2026-01-10 14:03:05.405 [main] ERROR com.orangehrm.utilities.LoggerManager - Element not clickable: Cannot invoke "org.openqa.selenium.WebElement.isDisplayed()" because "element" is null
2026-01-10 14:03:05.412 [main] INFO  com.orangehrm.utilities.LoggerManager - Standard click failed, attempting JavaScript click...
2026-01-10 14:03:05.455 [main] ERROR com.orangehrm.utilities.LoggerManager - All click attempts failed: javascript error: Cannot read properties of null (reading 'click')
  (Session info: chrome=143.0.7499.170)
Build info: version: '4.38.0', revision: '6b412e825c*'
System info: os.name: 'Windows 11', os.arch: 'amd64', os.version: '10.0', java.version: '20.0.1'
Driver info: org.openqa.selenium.chrome.ChromeDriver
Command: [61bf09e6821a0819af5ce8138e67dc3e, executeScript {script=arguments[0].click();, args=[null]}]
Capabilities {acceptInsecureCerts: false, browserName: chrome, browserVersion: 143.0.7499.170, chrome: {chromedriverVersion: 143.0.7499.192 (be2c1f4fd45..., userDataDir: C:\Users\rhafe\AppData\Loca...}, fedcm:accounts: true, goog:chromeOptions: {debuggerAddress: localhost:56329}, goog:processID: 15532, networkConnectionEnabled: false, pageLoadStrategy: normal, platformName: windows, proxy: Proxy(), se:cdp: ws://localhost:56329/devtoo..., se:cdpVersion: 143.0.7499.170, setWindowRect: true, strictFileInteractability: false, timeouts: {implicit: 0, pageLoad: 300000, script: 30000}, unhandledPromptBehavior: dismiss and notify, webauthn:extension:credBlob: true, webauthn:extension:largeBlob: true, webauthn:extension:minPinLength: true, webauthn:extension:prf: true, webauthn:virtualAuthenticators: true}
Session ID: 61bf09e6821a0819af5ce8138e67dc3e
2026-01-10 14:03:06.044 [main] ERROR com.orangehrm.utilities.LoggerManager - Element not visible: Cannot invoke "org.openqa.selenium.WebElement.isDisplayed()" because "element" is null
2026-01-10 14:10:08.140 [main] WARN  org.testng.xml.TestNGContentHandler - It is strongly recommended to add "<!DOCTYPE suite SYSTEM "https://testng.org/testng-1.1.dtd" >" at the top of the suite file [C:\Users\rhafe\IdeaProjects\OrangeHRMProject2\src\test\resources\testng.xml] otherwise TestNG may fail or not work as expected.
2026-01-10 14:10:08.900 [main] INFO  org.testng.internal.Utils - [TestNG] Running:
  C:\Users\rhafe\IdeaProjects\OrangeHRMProject2\src\test\resources\testng.xml

2026-01-10 14:10:08.970 [main] INFO  com.orangehrm.utilities.LoggerManager - Configuration properties loaded successfully from: C:\Users\rhafe\IdeaProjects\OrangeHRMProject2\src\main\resources\config.properties
2026-01-10 14:10:09.689 [main] INFO  com.orangehrm.utilities.LoggerManager - Setting up WebDriver for class: AddEmployeeTest
2026-01-10 14:10:28.060 [main] INFO  com.orangehrm.utilities.LoggerManager - ActionDriver initialized.
2026-01-10 14:10:28.060 [main] INFO  com.orangehrm.utilities.LoggerManager - ActionDriver initialized for Thread ID: 1
2026-01-10 14:10:28.552 [main] INFO  com.orangehrm.utilities.LoggerManager - Entered text: admin
2026-01-10 14:10:28.853 [main] INFO  com.orangehrm.utilities.LoggerManager - Entered text: admin123
2026-01-10 14:10:29.221 [main] INFO  com.orangehrm.utilities.LoggerManager - Clicked on element
2026-01-10 14:10:34.583 [main] INFO  com.orangehrm.utilities.LoggerManager - Clicked on element: [[ChromeDriver: chrome on windows (653b48794cf3cbcbca23b8cf150a00db)] -> xpath: //span[text()='PIM']]
2026-01-10 14:10:36.510 [main] INFO  com.orangehrm.utilities.LoggerManager - Clicked on element: [[ChromeDriver: chrome on windows (653b48794cf3cbcbca23b8cf150a00db)] -> xpath: //a[text()='Add Employee']]
2026-01-10 14:10:37.296 [main] INFO  com.orangehrm.utilities.LoggerManager - Entered text: Raja
2026-01-10 14:10:37.859 [main] INFO  com.orangehrm.utilities.LoggerManager - Entered text: Hafeez
2026-01-10 14:10:38.267 [main] INFO  com.orangehrm.utilities.LoggerManager - Clicked on element: [[ChromeDriver: chrome on windows (653b48794cf3cbcbca23b8cf150a00db)] -> xpath: //button[@type='submit']]
2026-01-10 18:13:09.560 [main] WARN  org.testng.xml.TestNGContentHandler - It is strongly recommended to add "<!DOCTYPE suite SYSTEM "https://testng.org/testng-1.1.dtd" >" at the top of the suite file [C:\Users\rhafe\IdeaProjects\OrangeHRMProject2\src\test\resources\testng.xml] otherwise TestNG may fail or not work as expected.
2026-01-10 18:13:13.728 [main] INFO  org.testng.internal.Utils - [TestNG] Running:
  C:\Users\rhafe\IdeaProjects\OrangeHRMProject2\src\test\resources\testng.xml

2026-01-10 18:13:13.963 [main] INFO  com.orangehrm.utilities.LoggerManager - Configuration properties loaded successfully from: C:\Users\rhafe\IdeaProjects\OrangeHRMProject2\src\main\resources\config.properties
2026-01-10 18:13:17.938 [main] INFO  com.orangehrm.utilities.LoggerManager - Setting up WebDriver for class: AddEmployeeTest
2026-01-10 18:13:33.634 [main] INFO  com.orangehrm.utilities.LoggerManager - ActionDriver initialized.
2026-01-10 18:13:33.635 [main] INFO  com.orangehrm.utilities.LoggerManager - ActionDriver initialized for Thread ID: 1
2026-01-10 18:13:35.778 [main] INFO  com.orangehrm.utilities.LoggerManager - Entered text: admin
2026-01-10 18:13:36.005 [main] INFO  com.orangehrm.utilities.LoggerManager - Entered text: admin123
2026-01-10 18:13:36.201 [main] INFO  com.orangehrm.utilities.LoggerManager - Clicked on element
2026-01-10 18:13:40.824 [main] INFO  com.orangehrm.utilities.LoggerManager - Clicked on element: [[ChromeDriver: chrome on windows (12080f63a71cfdccb2fba208402c494b)] -> xpath: //span[text()='PIM']]
2026-01-10 18:13:42.961 [main] INFO  com.orangehrm.utilities.LoggerManager - Clicked on element: [[ChromeDriver: chrome on windows (12080f63a71cfdccb2fba208402c494b)] -> xpath: //a[text()='Add Employee']]
2026-01-10 18:13:43.241 [main] INFO  com.orangehrm.utilities.LoggerManager - Entered text: Ahmed
2026-01-10 18:13:43.506 [main] INFO  com.orangehrm.utilities.LoggerManager - Entered text: Ali
2026-01-10 18:13:43.759 [main] INFO  com.orangehrm.utilities.LoggerManager - Clicked on element: [[ChromeDriver: chrome on windows (12080f63a71cfdccb2fba208402c494b)] -> xpath: //button[@type='submit']]
2026-01-10 18:13:51.732 [main] INFO  com.orangehrm.utilities.LoggerManager - Setting up WebDriver for class: AddEmployeeTest
2026-01-10 18:13:56.764 [main] INFO  com.orangehrm.utilities.LoggerManager - ActionDriver initialized.
2026-01-10 18:13:56.764 [main] INFO  com.orangehrm.utilities.LoggerManager - ActionDriver initialized for Thread ID: 1
2026-01-10 18:13:58.240 [main] INFO  com.orangehrm.utilities.LoggerManager - Entered text: admin
2026-01-10 18:13:58.503 [main] INFO  com.orangehrm.utilities.LoggerManager - Entered text: admin123
2026-01-10 18:14:00.202 [main] INFO  com.orangehrm.utilities.LoggerManager - Clicked on element
2026-01-10 18:14:03.569 [main] INFO  com.orangehrm.utilities.LoggerManager - Clicked on element: [[ChromeDriver: chrome on windows (c1f6f8507c8a7088aff6397721ca8f3c)] -> xpath: //span[text()='PIM']]
2026-01-10 18:14:05.644 [main] INFO  com.orangehrm.utilities.LoggerManager - Clicked on element: [[ChromeDriver: chrome on windows (c1f6f8507c8a7088aff6397721ca8f3c)] -> xpath: //a[text()='Add Employee']]
2026-01-10 18:14:05.941 [main] INFO  com.orangehrm.utilities.LoggerManager - Entered text: Sara
2026-01-10 18:14:06.173 [main] INFO  com.orangehrm.utilities.LoggerManager - Entered text: Khan
2026-01-10 18:14:06.738 [main] INFO  com.orangehrm.utilities.LoggerManager - Clicked on element: [[ChromeDriver: chrome on windows (c1f6f8507c8a7088aff6397721ca8f3c)] -> xpath: //button[@type='submit']]
2026-01-10 18:14:13.426 [main] INFO  com.orangehrm.utilities.LoggerManager - Setting up WebDriver for class: AddEmployeeTest
2026-01-10 18:14:21.450 [main] INFO  com.orangehrm.utilities.LoggerManager - ActionDriver initialized.
2026-01-10 18:14:21.450 [main] INFO  com.orangehrm.utilities.LoggerManager - ActionDriver initialized for Thread ID: 1
2026-01-10 18:14:21.751 [main] INFO  com.orangehrm.utilities.LoggerManager - Entered text: admin
2026-01-10 18:14:22.004 [main] INFO  com.orangehrm.utilities.LoggerManager - Entered text: admin123
2026-01-10 18:14:22.146 [main] INFO  com.orangehrm.utilities.LoggerManager - Clicked on element
2026-01-10 18:14:26.666 [main] INFO  com.orangehrm.utilities.LoggerManager - Clicked on element: [[ChromeDriver: chrome on windows (4023ba0ac3cd3043b94eec02bae30dda)] -> xpath: //span[text()='PIM']]
2026-01-10 18:14:28.290 [main] INFO  com.orangehrm.utilities.LoggerManager - Clicked on element: [[ChromeDriver: chrome on windows (4023ba0ac3cd3043b94eec02bae30dda)] -> xpath: //a[text()='Add Employee']]
2026-01-10 18:14:28.545 [main] INFO  com.orangehrm.utilities.LoggerManager - Entered text: John
2026-01-10 18:14:28.752 [main] INFO  com.orangehrm.utilities.LoggerManager - Entered text: Doe
2026-01-10 18:14:28.954 [main] INFO  com.orangehrm.utilities.LoggerManager - Clicked on element: [[ChromeDriver: chrome on windows (4023ba0ac3cd3043b94eec02bae30dda)] -> xpath: //button[@type='submit']]
2026-01-10 18:22:54.957 [main] WARN  org.testng.xml.TestNGContentHandler - It is strongly recommended to add "<!DOCTYPE suite SYSTEM "https://testng.org/testng-1.1.dtd" >" at the top of the suite file [C:\Users\rhafe\IdeaProjects\OrangeHRMProject2\src\test\resources\testng.xml] otherwise TestNG may fail or not work as expected.
2026-01-10 18:22:55.572 [main] INFO  org.testng.internal.Utils - [TestNG] Running:
  C:\Users\rhafe\IdeaProjects\OrangeHRMProject2\src\test\resources\testng.xml

2026-01-10 18:22:55.631 [main] INFO  com.orangehrm.utilities.LoggerManager - Configuration properties loaded successfully from: C:\Users\rhafe\IdeaProjects\OrangeHRMProject2\src\main\resources\config.properties
2026-01-10 18:22:56.295 [main] INFO  com.orangehrm.utilities.LoggerManager - Setting up WebDriver for class: SearchEmployeeTest
2026-01-10 18:23:03.503 [main] INFO  com.orangehrm.utilities.LoggerManager - ActionDriver initialized.
2026-01-10 18:23:03.505 [main] INFO  com.orangehrm.utilities.LoggerManager - ActionDriver initialized for Thread ID: 1
2026-01-10 18:23:05.831 [main] INFO  com.orangehrm.utilities.LoggerManager - Entered text: admin
2026-01-10 18:23:06.061 [main] INFO  com.orangehrm.utilities.LoggerManager - Entered text: admin123
2026-01-10 18:23:07.765 [main] INFO  com.orangehrm.utilities.LoggerManager - Clicked on element
2026-01-10 18:23:10.907 [main] INFO  com.orangehrm.utilities.LoggerManager - Clicked on element: [[ChromeDriver: chrome on windows (2cf7e315b60730f06323a861b8dbe1f9)] -> xpath: //span[text()='PIM']]
2026-01-10 18:23:12.654 [main] INFO  com.orangehrm.utilities.LoggerManager - Clicked on element: [[ChromeDriver: chrome on windows (2cf7e315b60730f06323a861b8dbe1f9)] -> xpath: //a[text()='Employee List']]
2026-01-10 18:23:12.880 [main] INFO  com.orangehrm.utilities.LoggerManager - Entered text: Raja
2026-01-10 18:23:15.094 [main] INFO  com.orangehrm.utilities.LoggerManager - Clicked on element: [[ChromeDriver: chrome on windows (2cf7e315b60730f06323a861b8dbe1f9)] -> xpath: //button[@type='submit']]
2026-01-10 18:26:22.578 [main] WARN  org.testng.xml.TestNGContentHandler - It is strongly recommended to add "<!DOCTYPE suite SYSTEM "https://testng.org/testng-1.1.dtd" >" at the top of the suite file [C:\Users\rhafe\IdeaProjects\OrangeHRMProject2\src\test\resources\testng.xml] otherwise TestNG may fail or not work as expected.
2026-01-10 18:26:23.196 [main] INFO  org.testng.internal.Utils - [TestNG] Running:
  C:\Users\rhafe\IdeaProjects\OrangeHRMProject2\src\test\resources\testng.xml

2026-01-10 18:26:23.261 [main] INFO  com.orangehrm.utilities.LoggerManager - Configuration properties loaded successfully from: C:\Users\rhafe\IdeaProjects\OrangeHRMProject2\src\main\resources\config.properties
2026-01-10 18:26:23.922 [main] INFO  com.orangehrm.utilities.LoggerManager - Setting up WebDriver for class: SearchEmployeeTest
2026-01-10 18:26:33.076 [main] INFO  com.orangehrm.utilities.LoggerManager - ActionDriver initialized.
2026-01-10 18:26:33.076 [main] INFO  com.orangehrm.utilities.LoggerManager - ActionDriver initialized for Thread ID: 1
2026-01-10 18:26:33.568 [main] INFO  com.orangehrm.utilities.LoggerManager - Entered text: admin
2026-01-10 18:26:33.782 [main] INFO  com.orangehrm.utilities.LoggerManager - Entered text: admin123
2026-01-10 18:26:33.968 [main] INFO  com.orangehrm.utilities.LoggerManager - Clicked on element
2026-01-10 18:26:38.321 [main] INFO  com.orangehrm.utilities.LoggerManager - Clicked on element: [[ChromeDriver: chrome on windows (3b71c0702b383c663c6f25885adc5990)] -> xpath: //span[text()='PIM']]
2026-01-10 18:26:40.048 [main] INFO  com.orangehrm.utilities.LoggerManager - Clicked on element: [[ChromeDriver: chrome on windows (3b71c0702b383c663c6f25885adc5990)] -> xpath: //a[text()='Employee List']]
2026-01-10 18:26:40.422 [main] INFO  com.orangehrm.utilities.LoggerManager - Entered text: Raja
2026-01-10 18:26:42.671 [main] INFO  com.orangehrm.utilities.LoggerManager - Clicked on element: [[ChromeDriver: chrome on windows (3b71c0702b383c663c6f25885adc5990)] -> xpath: //button[@type='submit']]
2026-01-10 18:36:59.425 [main] WARN  org.testng.xml.TestNGContentHandler - It is strongly recommended to add "<!DOCTYPE suite SYSTEM "https://testng.org/testng-1.1.dtd" >" at the top of the suite file [C:\Users\rhafe\IdeaProjects\OrangeHRMProject2\src\test\resources\testng.xml] otherwise TestNG may fail or not work as expected.
2026-01-10 18:37:00.113 [main] INFO  org.testng.internal.Utils - [TestNG] Running:
  C:\Users\rhafe\IdeaProjects\OrangeHRMProject2\src\test\resources\testng.xml

2026-01-10 18:37:00.181 [main] INFO  com.orangehrm.utilities.LoggerManager - Configuration properties loaded successfully from: C:\Users\rhafe\IdeaProjects\OrangeHRMProject2\src\main\resources\config.properties
2026-01-10 18:37:00.841 [main] INFO  com.orangehrm.utilities.LoggerManager - Setting up WebDriver for class: SearchEmployeeTest
2026-01-10 18:37:09.688 [main] INFO  com.orangehrm.utilities.LoggerManager - ActionDriver initialized.
2026-01-10 18:37:09.688 [main] INFO  com.orangehrm.utilities.LoggerManager - ActionDriver initialized for Thread ID: 1
2026-01-10 18:37:09.989 [main] INFO  com.orangehrm.utilities.LoggerManager - Entered text: admin
2026-01-10 18:37:10.245 [main] INFO  com.orangehrm.utilities.LoggerManager - Entered text: admin123
2026-01-10 18:37:10.488 [main] INFO  com.orangehrm.utilities.LoggerManager - Clicked on element
2026-01-10 18:37:15.070 [main] INFO  com.orangehrm.utilities.LoggerManager - Clicked on element: [[ChromeDriver: chrome on windows (ceabbbafdf733044f4fd5d29c8eab47b)] -> xpath: //span[text()='PIM']]
2026-01-10 18:37:16.830 [main] INFO  com.orangehrm.utilities.LoggerManager - Clicked on element: [[ChromeDriver: chrome on windows (ceabbbafdf733044f4fd5d29c8eab47b)] -> xpath: //a[text()='Employee List']]
2026-01-10 18:37:17.238 [main] INFO  com.orangehrm.utilities.LoggerManager - Entered text: raja
2026-01-10 18:37:19.512 [main] INFO  com.orangehrm.utilities.LoggerManager - Clicked on element: [[ChromeDriver: chrome on windows (ceabbbafdf733044f4fd5d29c8eab47b)] -> xpath: //button[@type='submit']]
2026-01-10 18:40:57.929 [main] WARN  org.testng.xml.TestNGContentHandler - It is strongly recommended to add "<!DOCTYPE suite SYSTEM "https://testng.org/testng-1.1.dtd" >" at the top of the suite file [C:\Users\rhafe\IdeaProjects\OrangeHRMProject2\src\test\resources\testng.xml] otherwise TestNG may fail or not work as expected.
2026-01-10 18:40:58.605 [main] INFO  org.testng.internal.Utils - [TestNG] Running:
  C:\Users\rhafe\IdeaProjects\OrangeHRMProject2\src\test\resources\testng.xml

2026-01-10 18:40:58.673 [main] INFO  com.orangehrm.utilities.LoggerManager - Configuration properties loaded successfully from: C:\Users\rhafe\IdeaProjects\OrangeHRMProject2\src\main\resources\config.properties
2026-01-10 18:41:00.822 [main] INFO  com.orangehrm.utilities.LoggerManager - Setting up WebDriver for class: AddEmployeeTest
2026-01-10 18:41:09.673 [main] INFO  com.orangehrm.utilities.LoggerManager - ActionDriver initialized.
2026-01-10 18:41:09.673 [main] INFO  com.orangehrm.utilities.LoggerManager - ActionDriver initialized for Thread ID: 1
2026-01-10 18:41:09.968 [main] INFO  com.orangehrm.utilities.LoggerManager - Entered text: admin
2026-01-10 18:41:10.406 [main] INFO  com.orangehrm.utilities.LoggerManager - Entered text: admin123
2026-01-10 18:41:10.658 [main] INFO  com.orangehrm.utilities.LoggerManager - Clicked on element
2026-01-10 18:41:15.311 [main] INFO  com.orangehrm.utilities.LoggerManager - Clicked on element: [[ChromeDriver: chrome on windows (114002518f31e5ceb2851da971052538)] -> xpath: //span[text()='PIM']]
2026-01-10 18:41:17.912 [main] INFO  com.orangehrm.utilities.LoggerManager - Clicked on element: [[ChromeDriver: chrome on windows (114002518f31e5ceb2851da971052538)] -> xpath: //a[text()='Add Employee']]
2026-01-10 18:41:18.439 [main] INFO  com.orangehrm.utilities.LoggerManager - Entered text: Ahmed
2026-01-10 18:41:18.757 [main] INFO  com.orangehrm.utilities.LoggerManager - Entered text: Ali
2026-01-10 18:41:19.118 [main] INFO  com.orangehrm.utilities.LoggerManager - Clicked on element: [[ChromeDriver: chrome on windows (114002518f31e5ceb2851da971052538)] -> xpath: //button[@type='submit']]
2026-01-10 18:41:26.067 [main] INFO  com.orangehrm.utilities.LoggerManager - Setting up WebDriver for class: AddEmployeeTest
2026-01-10 18:41:33.468 [main] INFO  com.orangehrm.utilities.LoggerManager - ActionDriver initialized.
2026-01-10 18:41:33.468 [main] INFO  com.orangehrm.utilities.LoggerManager - ActionDriver initialized for Thread ID: 1
2026-01-10 18:41:33.678 [main] INFO  com.orangehrm.utilities.LoggerManager - Entered text: admin
2026-01-10 18:41:33.869 [main] INFO  com.orangehrm.utilities.LoggerManager - Entered text: admin123
2026-01-10 18:41:34.023 [main] INFO  com.orangehrm.utilities.LoggerManager - Clicked on element
2026-01-10 18:41:38.418 [main] INFO  com.orangehrm.utilities.LoggerManager - Clicked on element: [[ChromeDriver: chrome on windows (c483d9a0dc6e5a29f6aea5b39009e314)] -> xpath: //span[text()='PIM']]
2026-01-10 18:41:40.183 [main] INFO  com.orangehrm.utilities.LoggerManager - Clicked on element: [[ChromeDriver: chrome on windows (c483d9a0dc6e5a29f6aea5b39009e314)] -> xpath: //a[text()='Add Employee']]
2026-01-10 18:41:40.430 [main] INFO  com.orangehrm.utilities.LoggerManager - Entered text: Sara
2026-01-10 18:41:40.654 [main] INFO  com.orangehrm.utilities.LoggerManager - Entered text: Khan
2026-01-10 18:41:40.844 [main] INFO  com.orangehrm.utilities.LoggerManager - Clicked on element: [[ChromeDriver: chrome on windows (c483d9a0dc6e5a29f6aea5b39009e314)] -> xpath: //button[@type='submit']]
2026-01-10 18:41:47.682 [main] INFO  com.orangehrm.utilities.LoggerManager - Setting up WebDriver for class: AddEmployeeTest
2026-01-10 18:41:55.635 [main] INFO  com.orangehrm.utilities.LoggerManager - ActionDriver initialized.
2026-01-10 18:41:55.637 [main] INFO  com.orangehrm.utilities.LoggerManager - ActionDriver initialized for Thread ID: 1
2026-01-10 18:41:56.016 [main] INFO  com.orangehrm.utilities.LoggerManager - Entered text: admin
2026-01-10 18:41:56.386 [main] INFO  com.orangehrm.utilities.LoggerManager - Entered text: admin123
2026-01-10 18:41:56.569 [main] INFO  com.orangehrm.utilities.LoggerManager - Clicked on element
2026-01-10 18:42:00.876 [main] INFO  com.orangehrm.utilities.LoggerManager - Clicked on element: [[ChromeDriver: chrome on windows (617f20e14337549e0d7fc5fa7a18aa8b)] -> xpath: //span[text()='PIM']]
2026-01-10 18:42:02.681 [main] INFO  com.orangehrm.utilities.LoggerManager - Clicked on element: [[ChromeDriver: chrome on windows (617f20e14337549e0d7fc5fa7a18aa8b)] -> xpath: //a[text()='Add Employee']]
2026-01-10 18:42:02.989 [main] INFO  com.orangehrm.utilities.LoggerManager - Entered text: John
2026-01-10 18:42:03.358 [main] INFO  com.orangehrm.utilities.LoggerManager - Entered text: Doe
2026-01-10 18:42:03.714 [main] INFO  com.orangehrm.utilities.LoggerManager - Clicked on element: [[ChromeDriver: chrome on windows (617f20e14337549e0d7fc5fa7a18aa8b)] -> xpath: //button[@type='submit']]
2026-01-10 18:42:11.202 [main] INFO  com.orangehrm.utilities.LoggerManager - Setting up WebDriver for class: SearchEmployeeTest
2026-01-10 18:42:16.428 [main] INFO  com.orangehrm.utilities.LoggerManager - ActionDriver initialized.
2026-01-10 18:42:16.428 [main] INFO  com.orangehrm.utilities.LoggerManager - ActionDriver initialized for Thread ID: 1
2026-01-10 18:42:18.376 [main] INFO  com.orangehrm.utilities.LoggerManager - Entered text: admin
2026-01-10 18:42:18.632 [main] INFO  com.orangehrm.utilities.LoggerManager - Entered text: admin123
2026-01-10 18:42:20.361 [main] INFO  com.orangehrm.utilities.LoggerManager - Clicked on element
2026-01-10 18:42:23.358 [main] INFO  com.orangehrm.utilities.LoggerManager - Clicked on element: [[ChromeDriver: chrome on windows (a2a576a1028b1c68580890c7f6378331)] -> xpath: //span[text()='PIM']]
2026-01-10 18:42:25.162 [main] INFO  com.orangehrm.utilities.LoggerManager - Clicked on element: [[ChromeDriver: chrome on windows (a2a576a1028b1c68580890c7f6378331)] -> xpath: //a[text()='Employee List']]
2026-01-10 18:42:25.404 [main] INFO  com.orangehrm.utilities.LoggerManager - Entered text: Ahmed
2026-01-10 18:42:27.641 [main] INFO  com.orangehrm.utilities.LoggerManager - Clicked on element: [[ChromeDriver: chrome on windows (a2a576a1028b1c68580890c7f6378331)] -> xpath: //button[@type='submit']]
